Using pre-set license
Built from '2021.3/staging' branch; Version is '2021.3.6f1 (7da38d85baf6) revision 8233869'; Using compiler version '192829333'; Build Type 'Release'
OS: 'Windows 10  (10.0.19044) 64bit Professional' Language: 'en' Physical Memory: 16332 MB
BatchMode: 1, IsHumanControllingUs: 0, StartBugReporterOnCrash: 0, Is64bit: 1, IsPro: 1

COMMAND LINE ARGUMENTS:
C:\Program Files\Unity\Hub\Editor\2021.3.6f1\Editor\Unity.exe
-adb2
-batchMode
-noUpm
-name
AssetImportWorker1
-projectPath
C:/Repos/Unity2D/TileVania/TileVania
-logFile
Logs/AssetImportWorker1.log
-srvPort
51633
Successfully changed project path to: C:/Repos/Unity2D/TileVania/TileVania
C:/Repos/Unity2D/TileVania/TileVania
[UnityMemory] Configuration Parameters - Can be set up in boot.config
    "memorysetup-bucket-allocator-granularity=16"
    "memorysetup-bucket-allocator-bucket-count=8"
    "memorysetup-bucket-allocator-block-size=33554432"
    "memorysetup-bucket-allocator-block-count=8"
    "memorysetup-main-allocator-block-size=16777216"
    "memorysetup-thread-allocator-block-size=16777216"
    "memorysetup-gfx-main-allocator-block-size=16777216"
    "memorysetup-gfx-thread-allocator-block-size=16777216"
    "memorysetup-cache-allocator-block-size=4194304"
    "memorysetup-typetree-allocator-block-size=2097152"
    "memorysetup-profiler-bucket-allocator-granularity=16"
    "memorysetup-profiler-bucket-allocator-bucket-count=8"
    "memorysetup-profiler-bucket-allocator-block-size=33554432"
    "memorysetup-profiler-bucket-allocator-block-count=8"
    "memorysetup-profiler-allocator-block-size=16777216"
    "memorysetup-profiler-editor-allocator-block-size=1048576"
    "memorysetup-temp-allocator-size-main=16777216"
    "memorysetup-job-temp-allocator-block-size=2097152"
    "memorysetup-job-temp-allocator-block-size-background=1048576"
    "memorysetup-job-temp-allocator-reduction-small-platforms=262144"
    "memorysetup-temp-allocator-size-background-worker=32768"
    "memorysetup-temp-allocator-size-job-worker=262144"
    "memorysetup-temp-allocator-size-preload-manager=33554432"
    "memorysetup-temp-allocator-size-nav-mesh-worker=65536"
    "memorysetup-temp-allocator-size-audio-worker=65536"
    "memorysetup-temp-allocator-size-cloud-worker=32768"
    "memorysetup-temp-allocator-size-gi-baking-worker=262144"
    "memorysetup-temp-allocator-size-gfx=262144"
Refreshing native plugins compatible for Editor in 123.92 ms, found 4 plugins.
Preloading 0 native plugins for Editor in 0.00 ms.
Initialize engine version: 2021.3.6f1 (7da38d85baf6)
[Subsystems] Discovering subsystems at path C:/Program Files/Unity/Hub/Editor/2021.3.6f1/Editor/Data/Resources/UnitySubsystems
[Subsystems] Discovering subsystems at path C:/Repos/Unity2D/TileVania/TileVania/Assets
GfxDevice: creating device client; threaded=0; jobified=0
Direct3D:
    Version:  Direct3D 11.0 [level 11.1]
    Renderer: NVIDIA GeForce GTX 960 (ID=0x1401)
    Vendor:   NVIDIA
    VRAM:     4053 MB
    Driver:   31.0.15.1694
Initialize mono
Mono path[0] = 'C:/Program Files/Unity/Hub/Editor/2021.3.6f1/Editor/Data/Managed'
Mono path[1] = 'C:/Program Files/Unity/Hub/Editor/2021.3.6f1/Editor/Data/MonoBleedingEdge/lib/mono/unityjit-win32'
Mono config path = 'C:/Program Files/Unity/Hub/Editor/2021.3.6f1/Editor/Data/MonoBleedingEdge/etc'
Using monoOptions --debugger-agent=transport=dt_socket,embedding=1,server=y,suspend=n,address=127.0.0.1:56144
Begin MonoManager ReloadAssembly
Registering precompiled unity dll's ...
Register platform support module: C:/Program Files/Unity/Hub/Editor/2021.3.6f1/Editor/Data/PlaybackEngines/WebGLSupport/UnityEditor.WebGL.Extensions.dll
Register platform support module: C:/Program Files/Unity/Hub/Editor/2021.3.6f1/Editor/Data/PlaybackEngines/WindowsStandaloneSupport/UnityEditor.WindowsStandalone.Extensions.dll
Registered in 0.010407 seconds.
Native extension for WindowsStandalone target not found
Native extension for WebGL target not found
Refreshing native plugins compatible for Editor in 116.90 ms, found 4 plugins.
Preloading 0 native plugins for Editor in 0.00 ms.
Mono: successfully reloaded assembly
- Completed reload, in  0.881 seconds
Domain Reload Profiling:
	ReloadAssembly (882ms)
		BeginReloadAssembly (104ms)
			ExecutionOrderSort (0ms)
			DisableScriptedObjects (0ms)
			BackupInstance (0ms)
			ReleaseScriptingObjects (0ms)
			CreateAndSetChildDomain (1ms)
		EndReloadAssembly (628ms)
			LoadAssemblies (101ms)
			RebuildTransferFunctionScriptingTraits (0ms)
			SetupTypeCache (157ms)
			ReleaseScriptCaches (0ms)
			RebuildScriptCaches (40ms)
			SetupLoadedEditorAssemblies (363ms)
				LogAssemblyErrors (0ms)
				InitializePlatformSupportModulesInManaged (13ms)
				SetLoadedEditorAssemblies (0ms)
				RefreshPlugins (117ms)
				BeforeProcessingInitializeOnLoad (2ms)
				ProcessInitializeOnLoadAttributes (168ms)
				ProcessInitializeOnLoadMethodAttributes (63ms)
				AfterProcessingInitializeOnLoad (0ms)
				EditorAssembliesLoaded (0ms)
			ExecutionOrderSort2 (0ms)
			AwakeInstancesAfterBackupRestoration (0ms)
Platform modules already initialized, skipping
Registering precompiled user dll's ...
Registered in 0.010366 seconds.
Begin MonoManager ReloadAssembly
Symbol file LoadedFromMemory doesn't match image C:\Repos\Unity2D\TileVania\TileVania\Library\PackageCache\com.unity.visualscripting@1.7.8\Editor\VisualScripting.Core\Dependencies\YamlDotNet\Unity.VisualScripting.YamlDotNet.dll
Symbol file LoadedFromMemory doesn't match image C:\Repos\Unity2D\TileVania\TileVania\Library\PackageCache\com.unity.visualscripting@1.7.8\Editor\VisualScripting.Core\Dependencies\DotNetZip\Unity.VisualScripting.IonicZip.dll
Native extension for WindowsStandalone target not found
Native extension for WebGL target not found
Refreshing native plugins compatible for Editor in 98.59 ms, found 4 plugins.
Preloading 0 native plugins for Editor in 0.00 ms.
Mono: successfully reloaded assembly
- Completed reload, in  8.122 seconds
Domain Reload Profiling:
	ReloadAssembly (8123ms)
		BeginReloadAssembly (155ms)
			ExecutionOrderSort (0ms)
			DisableScriptedObjects (8ms)
			BackupInstance (0ms)
			ReleaseScriptingObjects (0ms)
			CreateAndSetChildDomain (31ms)
		EndReloadAssembly (7722ms)
			LoadAssemblies (5086ms)
			RebuildTransferFunctionScriptingTraits (0ms)
			SetupTypeCache (1040ms)
			ReleaseScriptCaches (1ms)
			RebuildScriptCaches (64ms)
			SetupLoadedEditorAssemblies (1490ms)
				LogAssemblyErrors (0ms)
				InitializePlatformSupportModulesInManaged (7ms)
				SetLoadedEditorAssemblies (0ms)
				RefreshPlugins (99ms)
				BeforeProcessingInitializeOnLoad (111ms)
				ProcessInitializeOnLoadAttributes (320ms)
				ProcessInitializeOnLoadMethodAttributes (944ms)
				AfterProcessingInitializeOnLoad (9ms)
				EditorAssembliesLoaded (0ms)
			ExecutionOrderSort2 (0ms)
			AwakeInstancesAfterBackupRestoration (7ms)
Platform modules already initialized, skipping
========================================================================
Worker process is ready to serve import requests
Launched and connected shader compiler UnityShaderCompiler.exe after 0.08 seconds
Refreshing native plugins compatible for Editor in 0.72 ms, found 4 plugins.
Preloading 0 native plugins for Editor in 0.00 ms.
Unloading 4057 Unused Serialized files (Serialized files now loaded: 0)
Unloading 44 unused Assets / (222.9 KB). Loaded Objects now: 4507.
Memory consumption went from 151.1 MB to 150.8 MB.
Total: 4.354200 ms (FindLiveObjects: 0.331900 ms CreateObjectMapping: 0.337500 ms MarkObjects: 3.511400 ms  DeleteObjects: 0.172700 ms)

AssetImportParameters requested are different than current active one (requested -> active):
  custom:video-decoder-ogg-theora: a1e56fd34408186e4bbccfd4996cb3dc -> 
  custom:container-muxer-webm: aa71ff27fc2769a1b78a27578f13a17b -> 
  custom:container-demuxer-webm: 4f35f7cbe854078d1ac9338744f61a02 -> 
  custom:video-encoder-webm-vp8: eb34c28f22e8b96e1ab97ce403110664 -> 
  custom:audio-encoder-webm-vorbis: bf7c407c2cedff20999df2af8eb42d56 -> 
  custom:framework-win-MediaFoundation: 216162199b28c13a410421893ffa2e32 -> 
  custom:container-demuxer-ogg: 62fdf1f143b41e24485cea50d1cbac27 -> 
  custom:video-decoder-webm-vp8: 9c59270c3fd7afecdb556c50c9e8de78 -> 
  custom:audio-decoder-ogg-vorbis: bf7c407c2cedff20999df2af8eb42d56 -> 
========================================================================
Received Import Request.
  Time since last request: 184030.978576 seconds.
  path: Assets/Tiles/SPA_Rock_Grass_Water_2.asset
  artifactKey: Guid(1969e71df1fdb8f44b12bbed7483eb05) Importer(815301076,1909f56bfc062723c751e8b465ee728b)
Start importing Assets/Tiles/SPA_Rock_Grass_Water_2.asset using Guid(1969e71df1fdb8f44b12bbed7483eb05) Importer(815301076,1909f56bfc062723c751e8b465ee728b)  -> (artifact id: 'a88dfc7e3226c4d7d3dfcdc8906c2af3') in 0.174810 seconds 
========================================================================
Received Import Request.
  Time since last request: 0.000017 seconds.
  path: Assets/Tiles/SPA_Rock_Grass_Water_26.asset
  artifactKey: Guid(d697092e8d635e64c8e6bb2e611a50dd) Importer(815301076,1909f56bfc062723c751e8b465ee728b)
Start importing Assets/Tiles/SPA_Rock_Grass_Water_26.asset using Guid(d697092e8d635e64c8e6bb2e611a50dd) Importer(815301076,1909f56bfc062723c751e8b465ee728b)  -> (artifact id: '2d48ab3003151e3ba20647bdb8dd0117') in 0.016134 seconds 
========================================================================
Received Import Request.
  Time since last request: 0.000017 seconds.
  path: Assets/Tiles/SPA_Rock_Grass_Water_28.asset
  artifactKey: Guid(fb66dd405c538804ca152ef1f1268e9a) Importer(815301076,1909f56bfc062723c751e8b465ee728b)
Start importing Assets/Tiles/SPA_Rock_Grass_Water_28.asset using Guid(fb66dd405c538804ca152ef1f1268e9a) Importer(815301076,1909f56bfc062723c751e8b465ee728b)  -> (artifact id: '65a65e9f7ab07729b05e6d348986de10') in 0.027623 seconds 
========================================================================
Received Import Request.
  Time since last request: 0.000021 seconds.
  path: Assets/Tiles/SPA_Rock_Grass_Water_10.asset
  artifactKey: Guid(b576036ad4a0825418738fa420f82bc6) Importer(815301076,1909f56bfc062723c751e8b465ee728b)
Start importing Assets/Tiles/SPA_Rock_Grass_Water_10.asset using Guid(b576036ad4a0825418738fa420f82bc6) Importer(815301076,1909f56bfc062723c751e8b465ee728b)  -> (artifact id: '6ba233a2450e5a0bbc7564267b7a949d') in 0.014436 seconds 
========================================================================
Received Import Request.
  Time since last request: 0.000026 seconds.
  path: Assets/Tiles/SPA_Rock_Grass_Water_0.asset
  artifactKey: Guid(09f03f2803f2b984487ea88268920f0d) Importer(815301076,1909f56bfc062723c751e8b465ee728b)
Start importing Assets/Tiles/SPA_Rock_Grass_Water_0.asset using Guid(09f03f2803f2b984487ea88268920f0d) Importer(815301076,1909f56bfc062723c751e8b465ee728b)  -> (artifact id: '215319d6468bbc26b723eee366399e2b') in 0.039325 seconds 
========================================================================
Received Import Request.
  Time since last request: 0.000018 seconds.
  path: Assets/Tiles/Platforms Palette.prefab
  artifactKey: Guid(c77a6f9200b820249af4e6a0aaff7058) Importer(815301076,1909f56bfc062723c751e8b465ee728b)
Start importing Assets/Tiles/Platforms Palette.prefab using Guid(c77a6f9200b820249af4e6a0aaff7058) Importer(815301076,1909f56bfc062723c751e8b465ee728b)  -> (artifact id: '1602aac4afac6a91c7c1e4e2395eb5c3') in 0.312199 seconds 
========================================================================
Received Import Request.
  Time since last request: 0.000027 seconds.
  path: Assets/Tiles/SPA_Rock_Grass_Water_12.asset
  artifactKey: Guid(ba0fdd5eab179794bbf69eca2a09cb41) Importer(815301076,1909f56bfc062723c751e8b465ee728b)
Start importing Assets/Tiles/SPA_Rock_Grass_Water_12.asset using Guid(ba0fdd5eab179794bbf69eca2a09cb41) Importer(815301076,1909f56bfc062723c751e8b465ee728b)  -> (artifact id: '14b3fa2325a987a8b67e314fc120dfdc') in 0.010671 seconds 
========================================================================
Received Import Request.
  Time since last request: 0.000025 seconds.
  path: Assets/Tiles/SPA_Rock_Grass_Water_13.asset
  artifactKey: Guid(453dec4b6f4426d4c8d883c9b3f7e92b) Importer(815301076,1909f56bfc062723c751e8b465ee728b)
Start importing Assets/Tiles/SPA_Rock_Grass_Water_13.asset using Guid(453dec4b6f4426d4c8d883c9b3f7e92b) Importer(815301076,1909f56bfc062723c751e8b465ee728b)  -> (artifact id: 'ed29518c2f7a9de40b8aaba0e6da184f') in 0.010350 seconds 
========================================================================
Received Import Request.
  Time since last request: 0.000019 seconds.
  path: Assets/Tiles/SPA_Rock_Grass_Water_8.asset
  artifactKey: Guid(e502b46770f4f284eaa9348baad9b536) Importer(815301076,1909f56bfc062723c751e8b465ee728b)
Start importing Assets/Tiles/SPA_Rock_Grass_Water_8.asset using Guid(e502b46770f4f284eaa9348baad9b536) Importer(815301076,1909f56bfc062723c751e8b465ee728b)  -> (artifact id: '2831fca831938e6f2f0a1e138458ec37') in 0.010641 seconds 
========================================================================
Received Import Request.
  Time since last request: 0.000018 seconds.
  path: Assets/Tiles/SPA_Rock_Grass_Water_19.asset
  artifactKey: Guid(0ae9c71e16053e649bfd9d67a628fe80) Importer(815301076,1909f56bfc062723c751e8b465ee728b)
Start importing Assets/Tiles/SPA_Rock_Grass_Water_19.asset using Guid(0ae9c71e16053e649bfd9d67a628fe80) Importer(815301076,1909f56bfc062723c751e8b465ee728b)  -> (artifact id: 'b627bad15c717e24341204cd6a3295fe') in 0.010279 seconds 
========================================================================
Received Import Request.
  Time since last request: 0.000017 seconds.
  path: Assets/Tiles/SPA_Rock_Grass_Water_1.asset
  artifactKey: Guid(1ed7cae4c3010e44a8ebb1d73a03ab22) Importer(815301076,1909f56bfc062723c751e8b465ee728b)
Start importing Assets/Tiles/SPA_Rock_Grass_Water_1.asset using Guid(1ed7cae4c3010e44a8ebb1d73a03ab22) Importer(815301076,1909f56bfc062723c751e8b465ee728b)  -> (artifact id: '3601b4e3a5a2b2c4413083498ffb10e0') in 0.010431 seconds 
========================================================================
Received Import Request.
  Time since last request: 0.000019 seconds.
  path: Assets/Tiles/SPA_Rock_Grass_Water_17.asset
  artifactKey: Guid(0c3cbbed339c904448e9995b027a1bfd) Importer(815301076,1909f56bfc062723c751e8b465ee728b)
Start importing Assets/Tiles/SPA_Rock_Grass_Water_17.asset using Guid(0c3cbbed339c904448e9995b027a1bfd) Importer(815301076,1909f56bfc062723c751e8b465ee728b)  -> (artifact id: 'b83c7f0dfe01319dd69d7db5089b9c4b') in 0.011543 seconds 
========================================================================
Received Import Request.
  Time since last request: 0.000018 seconds.
  path: Assets/Tiles/SPA_Rock_Grass_Water_11.asset
  artifactKey: Guid(bbabadbb317ccbc4c99b4e6679b4e55d) Importer(815301076,1909f56bfc062723c751e8b465ee728b)
Start importing Assets/Tiles/SPA_Rock_Grass_Water_11.asset using Guid(bbabadbb317ccbc4c99b4e6679b4e55d) Importer(815301076,1909f56bfc062723c751e8b465ee728b)  -> (artifact id: 'd1cd58cb507ebbd45e777a70531199cd') in 0.010948 seconds 
========================================================================
Received Import Request.
  Time since last request: 0.000018 seconds.
  path: Assets/Tiles/SPA_Rock_Grass_Water_18.asset
  artifactKey: Guid(79f9d90506666104d8ac11370224e396) Importer(815301076,1909f56bfc062723c751e8b465ee728b)
Start importing Assets/Tiles/SPA_Rock_Grass_Water_18.asset using Guid(79f9d90506666104d8ac11370224e396) Importer(815301076,1909f56bfc062723c751e8b465ee728b)  -> (artifact id: '903f854437bf2ee9a8ea545f5d49237e') in 0.010576 seconds 
========================================================================
Received Import Request.
  Time since last request: 0.000017 seconds.
  path: Assets/Tiles/SPA_Rock_Grass_Water_29.asset
  artifactKey: Guid(50ddb0856dc054548928b06f3f7cbf54) Importer(815301076,1909f56bfc062723c751e8b465ee728b)
Start importing Assets/Tiles/SPA_Rock_Grass_Water_29.asset using Guid(50ddb0856dc054548928b06f3f7cbf54) Importer(815301076,1909f56bfc062723c751e8b465ee728b)  -> (artifact id: 'c5f526c40aa6b0a8bfdd07e934a35d66') in 0.010840 seconds 
========================================================================
Received Import Request.
  Time since last request: 0.000018 seconds.
  path: Assets/Tiles/SPA_Rock_Grass_Water_27.asset
  artifactKey: Guid(7748ebe617522d143a4f346aa235a7f1) Importer(815301076,1909f56bfc062723c751e8b465ee728b)
Start importing Assets/Tiles/SPA_Rock_Grass_Water_27.asset using Guid(7748ebe617522d143a4f346aa235a7f1) Importer(815301076,1909f56bfc062723c751e8b465ee728b)  -> (artifact id: '222c9569683a971da926112da45878a4') in 0.088738 seconds 
========================================================================
Received Import Request.
  Time since last request: 0.000019 seconds.
  path: Assets/Tiles/SPA_Rock_Grass_Water_3.asset
  artifactKey: Guid(7afd05971714d2b49a5e4be0daf3b28c) Importer(815301076,1909f56bfc062723c751e8b465ee728b)
Start importing Assets/Tiles/SPA_Rock_Grass_Water_3.asset using Guid(7afd05971714d2b49a5e4be0daf3b28c) Importer(815301076,1909f56bfc062723c751e8b465ee728b)  -> (artifact id: '0a79854ca0677125a66adba4bdb0b135') in 0.011154 seconds 
========================================================================
Received Import Request.
  Time since last request: 0.000024 seconds.
  path: Assets/Tiles/SPA_Rock_Grass_Water_4.asset
  artifactKey: Guid(301ce9e2d4a64fb428dce828f307a643) Importer(815301076,1909f56bfc062723c751e8b465ee728b)
Start importing Assets/Tiles/SPA_Rock_Grass_Water_4.asset using Guid(301ce9e2d4a64fb428dce828f307a643) Importer(815301076,1909f56bfc062723c751e8b465ee728b)  -> (artifact id: 'f8d198ca6b32a0efe95f68fb6fb74646') in 0.010769 seconds 
========================================================================
Received Import Request.
  Time since last request: 0.000018 seconds.
  path: Assets/Tiles/SPA_Rock_Grass_Water_9.asset
  artifactKey: Guid(1ecba8575771a41498c07dbc7176044e) Importer(815301076,1909f56bfc062723c751e8b465ee728b)
Start importing Assets/Tiles/SPA_Rock_Grass_Water_9.asset using Guid(1ecba8575771a41498c07dbc7176044e) Importer(815301076,1909f56bfc062723c751e8b465ee728b)  -> (artifact id: 'a9f7b108bcbc3cde263b701c537f4735') in 0.010898 seconds 
========================================================================
Received Import Request.
  Time since last request: 0.000018 seconds.
  path: Assets/Tiles/SPA_Rock_Grass_Water_15.asset
  artifactKey: Guid(5bd4770387fb78e47b37dbe50d1db6f9) Importer(815301076,1909f56bfc062723c751e8b465ee728b)
Start importing Assets/Tiles/SPA_Rock_Grass_Water_15.asset using Guid(5bd4770387fb78e47b37dbe50d1db6f9) Importer(815301076,1909f56bfc062723c751e8b465ee728b)  -> (artifact id: '4813e33c75d77c055babd30ef7b01cda') in 0.010783 seconds 
========================================================================
Received Import Request.
  Time since last request: 0.000019 seconds.
  path: Assets/Tiles/SPA_Rock_Grass_Water_21.asset
  artifactKey: Guid(edade4a06ffd056479913338769ea7ab) Importer(815301076,1909f56bfc062723c751e8b465ee728b)
Start importing Assets/Tiles/SPA_Rock_Grass_Water_21.asset using Guid(edade4a06ffd056479913338769ea7ab) Importer(815301076,1909f56bfc062723c751e8b465ee728b)  -> (artifact id: '055ddf9c1d7ce40271d546ab72ce07d1') in 0.010160 seconds 
========================================================================
Received Import Request.
  Time since last request: 0.000018 seconds.
  path: Assets/Tiles/SPA_Rock_Grass_Water_22.asset
  artifactKey: Guid(df891acb704ca544ebf57df2d257e2e3) Importer(815301076,1909f56bfc062723c751e8b465ee728b)
Start importing Assets/Tiles/SPA_Rock_Grass_Water_22.asset using Guid(df891acb704ca544ebf57df2d257e2e3) Importer(815301076,1909f56bfc062723c751e8b465ee728b)  -> (artifact id: 'b9c37536cfeb40673b845e81f566e051') in 0.083159 seconds 
========================================================================
Received Import Request.
  Time since last request: 0.000018 seconds.
  path: Assets/Tiles/SPA_Rock_Grass_Water_5.asset
  artifactKey: Guid(e1c3f2da8cfb68e4d8f68da4ec445c8b) Importer(815301076,1909f56bfc062723c751e8b465ee728b)
Start importing Assets/Tiles/SPA_Rock_Grass_Water_5.asset using Guid(e1c3f2da8cfb68e4d8f68da4ec445c8b) Importer(815301076,1909f56bfc062723c751e8b465ee728b)  -> (artifact id: 'c24863a5c71178d53c91af2f631a3a2c') in 0.121653 seconds 
========================================================================
Received Import Request.
  Time since last request: 0.000021 seconds.
  path: Assets/Tiles/SPA_Rock_Grass_Water_6.asset
  artifactKey: Guid(2b1f77df378f87a4784dc1525c311103) Importer(815301076,1909f56bfc062723c751e8b465ee728b)
Start importing Assets/Tiles/SPA_Rock_Grass_Water_6.asset using Guid(2b1f77df378f87a4784dc1525c311103) Importer(815301076,1909f56bfc062723c751e8b465ee728b)  -> (artifact id: '062c3a5b3b124ebd8d34e2e46ba28ff1') in 0.010404 seconds 
========================================================================
Received Import Request.
  Time since last request: 0.000025 seconds.
  path: Assets/Tiles/SPA_Rock_Grass_Water_7.asset
  artifactKey: Guid(81d45f4af90f6e9439fe98fd80529107) Importer(815301076,1909f56bfc062723c751e8b465ee728b)
Start importing Assets/Tiles/SPA_Rock_Grass_Water_7.asset using Guid(81d45f4af90f6e9439fe98fd80529107) Importer(815301076,1909f56bfc062723c751e8b465ee728b)  -> (artifact id: 'fba782a147422d283a693439ea310542') in 0.011233 seconds 
========================================================================
Received Import Request.
  Time since last request: 0.000017 seconds.
  path: Assets/Tiles/SPA_Rock_Grass_Water_25.asset
  artifactKey: Guid(2ba068f4fe3295d40a7904f46f3de5c8) Importer(815301076,1909f56bfc062723c751e8b465ee728b)
Start importing Assets/Tiles/SPA_Rock_Grass_Water_25.asset using Guid(2ba068f4fe3295d40a7904f46f3de5c8) Importer(815301076,1909f56bfc062723c751e8b465ee728b)  -> (artifact id: 'e045075f7e4ec8b7dd9111ab1eef8c1a') in 0.011099 seconds 
========================================================================
Received Import Request.
  Time since last request: 0.000018 seconds.
  path: Assets/Tiles/SPA_Rock_Grass_Water_14.asset
  artifactKey: Guid(5a6c540c70dd206458c209761d706a1d) Importer(815301076,1909f56bfc062723c751e8b465ee728b)
Start importing Assets/Tiles/SPA_Rock_Grass_Water_14.asset using Guid(5a6c540c70dd206458c209761d706a1d) Importer(815301076,1909f56bfc062723c751e8b465ee728b)  -> (artifact id: '4fe7832f2643e49e6f02501bd62b17d3') in 0.010365 seconds 
========================================================================
Received Import Request.
  Time since last request: 0.000019 seconds.
  path: Assets/Tiles/SPA_Rock_Grass_Water_16.asset
  artifactKey: Guid(95f48ecbb251aee4884c0c8c0c15428c) Importer(815301076,1909f56bfc062723c751e8b465ee728b)
Start importing Assets/Tiles/SPA_Rock_Grass_Water_16.asset using Guid(95f48ecbb251aee4884c0c8c0c15428c) Importer(815301076,1909f56bfc062723c751e8b465ee728b)  -> (artifact id: '746591bcdb469343c7fdb6182134757f') in 0.010229 seconds 
========================================================================
Received Import Request.
  Time since last request: 0.000018 seconds.
  path: Assets/Tiles/SPA_Rock_Grass_Water_20.asset
  artifactKey: Guid(8490d8bad7f60ec46a4c919764d3ba6e) Importer(815301076,1909f56bfc062723c751e8b465ee728b)
Start importing Assets/Tiles/SPA_Rock_Grass_Water_20.asset using Guid(8490d8bad7f60ec46a4c919764d3ba6e) Importer(815301076,1909f56bfc062723c751e8b465ee728b)  -> (artifact id: 'a27523f80554fb3fac96b99a9d889167') in 0.010545 seconds 
========================================================================
Received Import Request.
  Time since last request: 0.000018 seconds.
  path: Assets/Tiles/SPA_Rock_Grass_Water_24.asset
  artifactKey: Guid(1537c144cb6543f4b88bd99469b877cc) Importer(815301076,1909f56bfc062723c751e8b465ee728b)
Start importing Assets/Tiles/SPA_Rock_Grass_Water_24.asset using Guid(1537c144cb6543f4b88bd99469b877cc) Importer(815301076,1909f56bfc062723c751e8b465ee728b)  -> (artifact id: '7a85e1d920cac518e7457a64d65a261a') in 0.010631 seconds 
========================================================================
Received Import Request.
  Time since last request: 0.000018 seconds.
  path: Assets/Tiles/SPA_Rock_Grass_Water_23.asset
  artifactKey: Guid(36af543c534d7d646a5b6010f04dbeae) Importer(815301076,1909f56bfc062723c751e8b465ee728b)
Start importing Assets/Tiles/SPA_Rock_Grass_Water_23.asset using Guid(36af543c534d7d646a5b6010f04dbeae) Importer(815301076,1909f56bfc062723c751e8b465ee728b)  -> (artifact id: 'a1a17786d6673a65146f5483035819ae') in 0.011016 seconds 
========================================================================
Received Import Request.
  Time since last request: 9.265196 seconds.
  path: Assets/Tiles/Background Palette.prefab
  artifactKey: Guid(618f74e41aa59514d9bfd4b0af4f093c) Importer(815301076,1909f56bfc062723c751e8b465ee728b)
Start importing Assets/Tiles/Background Palette.prefab using Guid(618f74e41aa59514d9bfd4b0af4f093c) Importer(815301076,1909f56bfc062723c751e8b465ee728b)  -> (artifact id: 'acd70d0929937cc916260f04d5279bb3') in 0.066921 seconds 
========================================================================
Received Import Request.
  Time since last request: 249.237766 seconds.
  path: Assets/Sprites
  artifactKey: Guid(c56f7826f51fa704cafba2de4cc72902) Importer(815301076,1909f56bfc062723c751e8b465ee728b)
Start importing Assets/Sprites using Guid(c56f7826f51fa704cafba2de4cc72902) Importer(815301076,1909f56bfc062723c751e8b465ee728b)  -> (artifact id: '9abb5ced00a900f0c453a8ca383f29cc') in 0.007604 seconds 
========================================================================
Received Import Request.
  Time since last request: 25.551144 seconds.
  path: Assets/Tiles/Background Palette.prefab
  artifactKey: Guid(618f74e41aa59514d9bfd4b0af4f093c) Importer(815301076,1909f56bfc062723c751e8b465ee728b)
Start importing Assets/Tiles/Background Palette.prefab using Guid(618f74e41aa59514d9bfd4b0af4f093c) Importer(815301076,1909f56bfc062723c751e8b465ee728b)  -> (artifact id: '89d7dd8cf24311f39b8fd21c9131935d') in 0.023315 seconds 
========================================================================
Received Import Request.
  Time since last request: 0.000024 seconds.
  path: Assets/Tiles/SPA_Background brown tint_10.asset
  artifactKey: Guid(cfa7c401a271a1145b0916fd4461a87b) Importer(815301076,1909f56bfc062723c751e8b465ee728b)
Start importing Assets/Tiles/SPA_Background brown tint_10.asset using Guid(cfa7c401a271a1145b0916fd4461a87b) Importer(815301076,1909f56bfc062723c751e8b465ee728b)  -> (artifact id: 'c33f1cacb85e6a90316043ee675cde11') in 0.014948 seconds 
========================================================================
Received Import Request.
  Time since last request: 0.000021 seconds.
  path: Assets/Tiles/SPA_Background brown tint_5.asset
  artifactKey: Guid(33c29725bfc5e2b4f97813f61a843fa5) Importer(815301076,1909f56bfc062723c751e8b465ee728b)
Start importing Assets/Tiles/SPA_Background brown tint_5.asset using Guid(33c29725bfc5e2b4f97813f61a843fa5) Importer(815301076,1909f56bfc062723c751e8b465ee728b)  -> (artifact id: '50dc9636ea084d4546dfb94b363021dd') in 0.012791 seconds 
========================================================================
Received Import Request.
  Time since last request: 0.000022 seconds.
  path: Assets/Tiles/SPA_Background brown tint_3.asset
  artifactKey: Guid(a6a69d6dd0de2274a9bd5299addabafa) Importer(815301076,1909f56bfc062723c751e8b465ee728b)
Start importing Assets/Tiles/SPA_Background brown tint_3.asset using Guid(a6a69d6dd0de2274a9bd5299addabafa) Importer(815301076,1909f56bfc062723c751e8b465ee728b)  -> (artifact id: '0397deb32f08c54d696c646dab939592') in 0.012767 seconds 
========================================================================
Received Import Request.
  Time since last request: 0.000023 seconds.
  path: Assets/Tiles/SPA_Background brown tint_11.asset
  artifactKey: Guid(dee458d0de4a2ad4387560228b47480e) Importer(815301076,1909f56bfc062723c751e8b465ee728b)
Start importing Assets/Tiles/SPA_Background brown tint_11.asset using Guid(dee458d0de4a2ad4387560228b47480e) Importer(815301076,1909f56bfc062723c751e8b465ee728b)  -> (artifact id: '3ffbc4553b52c9d72187bcdf3a041d99') in 0.013253 seconds 
========================================================================
Received Import Request.
  Time since last request: 0.000022 seconds.
  path: Assets/Tiles/SPA_Background brown tint_1.asset
  artifactKey: Guid(dbce18606709a664c9b249c72395c453) Importer(815301076,1909f56bfc062723c751e8b465ee728b)
Start importing Assets/Tiles/SPA_Background brown tint_1.asset using Guid(dbce18606709a664c9b249c72395c453) Importer(815301076,1909f56bfc062723c751e8b465ee728b)  -> (artifact id: 'a1362d92a09ee9a0825de47465557c70') in 0.011910 seconds 
========================================================================
Received Import Request.
  Time since last request: 0.000021 seconds.
  path: Assets/Tiles/SPA_Background brown tint_14.asset
  artifactKey: Guid(10ae9346e39d9694ab21ff23b70cec1a) Importer(815301076,1909f56bfc062723c751e8b465ee728b)
Start importing Assets/Tiles/SPA_Background brown tint_14.asset using Guid(10ae9346e39d9694ab21ff23b70cec1a) Importer(815301076,1909f56bfc062723c751e8b465ee728b)  -> (artifact id: '831cb313366e9eb3c97210beed72543a') in 0.012593 seconds 
========================================================================
Received Import Request.
  Time since last request: 0.000022 seconds.
  path: Assets/Tiles/SPA_Background brown tint_9.asset
  artifactKey: Guid(71157ff0201a63c418a156b507d94a04) Importer(815301076,1909f56bfc062723c751e8b465ee728b)
Start importing Assets/Tiles/SPA_Background brown tint_9.asset using Guid(71157ff0201a63c418a156b507d94a04) Importer(815301076,1909f56bfc062723c751e8b465ee728b)  -> (artifact id: '659b7ad27c20a9347cd48c875c55c152') in 0.013562 seconds 
========================================================================
Received Import Request.
  Time since last request: 0.000026 seconds.
  path: Assets/Tiles/SPA_Background brown tint_4.asset
  artifactKey: Guid(96eec7e02c1a0fe4695d05b3064c46ef) Importer(815301076,1909f56bfc062723c751e8b465ee728b)
Start importing Assets/Tiles/SPA_Background brown tint_4.asset using Guid(96eec7e02c1a0fe4695d05b3064c46ef) Importer(815301076,1909f56bfc062723c751e8b465ee728b)  -> (artifact id: '43828b24609c73d3240150f4facc39d1') in 0.011480 seconds 
========================================================================
Received Import Request.
  Time since last request: 0.000030 seconds.
  path: Assets/Tiles/SPA_Background brown tint_8.asset
  artifactKey: Guid(a1f77ce1ea0b4de42a6c3a8e9a4d7767) Importer(815301076,1909f56bfc062723c751e8b465ee728b)
Start importing Assets/Tiles/SPA_Background brown tint_8.asset using Guid(a1f77ce1ea0b4de42a6c3a8e9a4d7767) Importer(815301076,1909f56bfc062723c751e8b465ee728b)  -> (artifact id: 'f6951a78ab9ffb39ef8d5ca0440eeb1c') in 0.012771 seconds 
========================================================================
Received Import Request.
  Time since last request: 0.000026 seconds.
  path: Assets/Tiles/SPA_Background brown tint_2.asset
  artifactKey: Guid(4a498d02b38783b44ac9bfcfc7aaefee) Importer(815301076,1909f56bfc062723c751e8b465ee728b)
Start importing Assets/Tiles/SPA_Background brown tint_2.asset using Guid(4a498d02b38783b44ac9bfcfc7aaefee) Importer(815301076,1909f56bfc062723c751e8b465ee728b)  -> (artifact id: '9fe68389ee14ad3c2dff8e5a22396064') in 0.012478 seconds 
========================================================================
Received Import Request.
  Time since last request: 0.000022 seconds.
  path: Assets/Tiles/SPA_Background brown tint_0.asset
  artifactKey: Guid(9527bd8bf0c9b7a4a8d552bb3be19bc6) Importer(815301076,1909f56bfc062723c751e8b465ee728b)
Start importing Assets/Tiles/SPA_Background brown tint_0.asset using Guid(9527bd8bf0c9b7a4a8d552bb3be19bc6) Importer(815301076,1909f56bfc062723c751e8b465ee728b)  -> (artifact id: '6efb4cea1dc294d3ba26eb1ecdb029c9') in 0.014008 seconds 
========================================================================
Received Import Request.
  Time since last request: 0.000021 seconds.
  path: Assets/Tiles/SPA_Background brown tint_7.asset
  artifactKey: Guid(fb96b59846706e94297bfa054efb3942) Importer(815301076,1909f56bfc062723c751e8b465ee728b)
Start importing Assets/Tiles/SPA_Background brown tint_7.asset using Guid(fb96b59846706e94297bfa054efb3942) Importer(815301076,1909f56bfc062723c751e8b465ee728b)  -> (artifact id: 'a1e32e765a1dd953634e9e18b73470dc') in 0.012437 seconds 
========================================================================
Received Import Request.
  Time since last request: 0.000022 seconds.
  path: Assets/Tiles/SPA_Background brown tint_12.asset
  artifactKey: Guid(f71aae9db1c5cc5419c13366d4ca7268) Importer(815301076,1909f56bfc062723c751e8b465ee728b)
Start importing Assets/Tiles/SPA_Background brown tint_12.asset using Guid(f71aae9db1c5cc5419c13366d4ca7268) Importer(815301076,1909f56bfc062723c751e8b465ee728b)  -> (artifact id: '10f3b877bd476c1b8a57e5e606bdab3d') in 0.012545 seconds 
========================================================================
Received Import Request.
  Time since last request: 0.000022 seconds.
  path: Assets/Tiles/SPA_Background brown tint_6.asset
  artifactKey: Guid(20602fa00c893b34e8e9ceda1d183737) Importer(815301076,1909f56bfc062723c751e8b465ee728b)
Start importing Assets/Tiles/SPA_Background brown tint_6.asset using Guid(20602fa00c893b34e8e9ceda1d183737) Importer(815301076,1909f56bfc062723c751e8b465ee728b)  -> (artifact id: 'e93dff692ca95970df38052298e1bc41') in 0.012323 seconds 
========================================================================
Received Import Request.
  Time since last request: 0.000023 seconds.
  path: Assets/Tiles/SPA_Background brown tint_15.asset
  artifactKey: Guid(5c7d90831d5d7dd4999bac4363a9ef4a) Importer(815301076,1909f56bfc062723c751e8b465ee728b)
Start importing Assets/Tiles/SPA_Background brown tint_15.asset using Guid(5c7d90831d5d7dd4999bac4363a9ef4a) Importer(815301076,1909f56bfc062723c751e8b465ee728b)  -> (artifact id: '000ba328896f6e5407137af516e4f2f2') in 0.016129 seconds 
========================================================================
Received Import Request.
  Time since last request: 0.000025 seconds.
  path: Assets/Tiles/SPA_Background brown tint_13.asset
  artifactKey: Guid(2caeae23e893b6347af56d5f0ba25ce2) Importer(815301076,1909f56bfc062723c751e8b465ee728b)
Start importing Assets/Tiles/SPA_Background brown tint_13.asset using Guid(2caeae23e893b6347af56d5f0ba25ce2) Importer(815301076,1909f56bfc062723c751e8b465ee728b)  -> (artifact id: '2b61b355d71f6e1195fd74cbd23cc1b6') in 0.020077 seconds 
========================================================================
Received Prepare
Registering precompiled user dll's ...
Registered in 0.008553 seconds.
Begin MonoManager ReloadAssembly
Symbol file LoadedFromMemory doesn't match image C:\Repos\Unity2D\TileVania\TileVania\Library\PackageCache\com.unity.visualscripting@1.7.8\Editor\VisualScripting.Core\Dependencies\YamlDotNet\Unity.VisualScripting.YamlDotNet.dll
Symbol file LoadedFromMemory doesn't match image C:\Repos\Unity2D\TileVania\TileVania\Library\PackageCache\com.unity.visualscripting@1.7.8\Editor\VisualScripting.Core\Dependencies\DotNetZip\Unity.VisualScripting.IonicZip.dll
Native extension for WindowsStandalone target not found
Native extension for WebGL target not found
Refreshing native plugins compatible for Editor in 0.84 ms, found 4 plugins.
Preloading 0 native plugins for Editor in 0.00 ms.
Mono: successfully reloaded assembly
- Completed reload, in  1.366 seconds
Domain Reload Profiling:
	ReloadAssembly (1367ms)
		BeginReloadAssembly (149ms)
			ExecutionOrderSort (0ms)
			DisableScriptedObjects (9ms)
			BackupInstance (0ms)
			ReleaseScriptingObjects (0ms)
			CreateAndSetChildDomain (42ms)
		EndReloadAssembly (1099ms)
			LoadAssemblies (107ms)
			RebuildTransferFunctionScriptingTraits (0ms)
			SetupTypeCache (378ms)
			ReleaseScriptCaches (2ms)
			RebuildScriptCaches (62ms)
			SetupLoadedEditorAssemblies (472ms)
				LogAssemblyErrors (0ms)
				InitializePlatformSupportModulesInManaged (22ms)
				SetLoadedEditorAssemblies (1ms)
				RefreshPlugins (1ms)
				BeforeProcessingInitializeOnLoad (106ms)
				ProcessInitializeOnLoadAttributes (290ms)
				ProcessInitializeOnLoadMethodAttributes (43ms)
				AfterProcessingInitializeOnLoad (10ms)
				EditorAssembliesLoaded (0ms)
			ExecutionOrderSort2 (0ms)
			AwakeInstancesAfterBackupRestoration (13ms)
Platform modules already initialized, skipping
Refreshing native plugins compatible for Editor in 5.23 ms, found 4 plugins.
Preloading 0 native plugins for Editor in 0.00 ms.
Unloading 4052 Unused Serialized files (Serialized files now loaded: 0)
Unloading 31 unused Assets / (190.1 KB). Loaded Objects now: 4518.
Memory consumption went from 155.5 MB to 155.3 MB.
Total: 4.750300 ms (FindLiveObjects: 0.306800 ms CreateObjectMapping: 0.476300 ms MarkObjects: 3.806200 ms  DeleteObjects: 0.160200 ms)

AssetImportParameters requested are different than current active one (requested -> active):
  custom:video-decoder-ogg-theora: a1e56fd34408186e4bbccfd4996cb3dc -> 
  custom:container-muxer-webm: aa71ff27fc2769a1b78a27578f13a17b -> 
  custom:container-demuxer-webm: 4f35f7cbe854078d1ac9338744f61a02 -> 
  custom:video-encoder-webm-vp8: eb34c28f22e8b96e1ab97ce403110664 -> 
  custom:audio-encoder-webm-vorbis: bf7c407c2cedff20999df2af8eb42d56 -> 
  custom:framework-win-MediaFoundation: 216162199b28c13a410421893ffa2e32 -> 
  custom:container-demuxer-ogg: 62fdf1f143b41e24485cea50d1cbac27 -> 
  custom:video-decoder-webm-vp8: 9c59270c3fd7afecdb556c50c9e8de78 -> 
  custom:audio-decoder-ogg-vorbis: bf7c407c2cedff20999df2af8eb42d56 -> 
========================================================================
Received Prepare
Registering precompiled user dll's ...
Registered in 0.008483 seconds.
Begin MonoManager ReloadAssembly
Symbol file LoadedFromMemory doesn't match image C:\Repos\Unity2D\TileVania\TileVania\Library\PackageCache\com.unity.visualscripting@1.7.8\Editor\VisualScripting.Core\Dependencies\YamlDotNet\Unity.VisualScripting.YamlDotNet.dll
Symbol file LoadedFromMemory doesn't match image C:\Repos\Unity2D\TileVania\TileVania\Library\PackageCache\com.unity.visualscripting@1.7.8\Editor\VisualScripting.Core\Dependencies\DotNetZip\Unity.VisualScripting.IonicZip.dll
Native extension for WindowsStandalone target not found
Native extension for WebGL target not found
Refreshing native plugins compatible for Editor in 1.08 ms, found 4 plugins.
Preloading 0 native plugins for Editor in 0.00 ms.
Mono: successfully reloaded assembly
- Completed reload, in  1.413 seconds
Domain Reload Profiling:
	ReloadAssembly (1414ms)
		BeginReloadAssembly (148ms)
			ExecutionOrderSort (0ms)
			DisableScriptedObjects (8ms)
			BackupInstance (0ms)
			ReleaseScriptingObjects (0ms)
			CreateAndSetChildDomain (43ms)
		EndReloadAssembly (1129ms)
			LoadAssemblies (118ms)
			RebuildTransferFunctionScriptingTraits (0ms)
			SetupTypeCache (374ms)
			ReleaseScriptCaches (2ms)
			RebuildScriptCaches (66ms)
			SetupLoadedEditorAssemblies (482ms)
				LogAssemblyErrors (0ms)
				InitializePlatformSupportModulesInManaged (20ms)
				SetLoadedEditorAssemblies (1ms)
				RefreshPlugins (1ms)
				BeforeProcessingInitializeOnLoad (112ms)
				ProcessInitializeOnLoadAttributes (287ms)
				ProcessInitializeOnLoadMethodAttributes (51ms)
				AfterProcessingInitializeOnLoad (10ms)
				EditorAssembliesLoaded (0ms)
			ExecutionOrderSort2 (0ms)
			AwakeInstancesAfterBackupRestoration (13ms)
Platform modules already initialized, skipping
Refreshing native plugins compatible for Editor in 3.00 ms, found 4 plugins.
Preloading 0 native plugins for Editor in 0.00 ms.
Unloading 4052 Unused Serialized files (Serialized files now loaded: 0)
Unloading 31 unused Assets / (190.1 KB). Loaded Objects now: 4521.
Memory consumption went from 155.5 MB to 155.3 MB.
Total: 3.855100 ms (FindLiveObjects: 0.306500 ms CreateObjectMapping: 0.277300 ms MarkObjects: 3.101400 ms  DeleteObjects: 0.168900 ms)

AssetImportParameters requested are different than current active one (requested -> active):
  custom:video-decoder-ogg-theora: a1e56fd34408186e4bbccfd4996cb3dc -> 
  custom:container-muxer-webm: aa71ff27fc2769a1b78a27578f13a17b -> 
  custom:container-demuxer-webm: 4f35f7cbe854078d1ac9338744f61a02 -> 
  custom:video-encoder-webm-vp8: eb34c28f22e8b96e1ab97ce403110664 -> 
  custom:audio-encoder-webm-vorbis: bf7c407c2cedff20999df2af8eb42d56 -> 
  custom:framework-win-MediaFoundation: 216162199b28c13a410421893ffa2e32 -> 
  custom:container-demuxer-ogg: 62fdf1f143b41e24485cea50d1cbac27 -> 
  custom:video-decoder-webm-vp8: 9c59270c3fd7afecdb556c50c9e8de78 -> 
  custom:audio-decoder-ogg-vorbis: bf7c407c2cedff20999df2af8eb42d56 -> 
========================================================================
Received Import Request.
  Time since last request: 378.889119 seconds.
  path: ProjectSettings/TagManager.asset
  artifactKey: Guid(00000000000000003000000000000000) Importer(815301076,1909f56bfc062723c751e8b465ee728b)
Start importing ProjectSettings/TagManager.asset using Guid(00000000000000003000000000000000) Importer(815301076,1909f56bfc062723c751e8b465ee728b)  -> (artifact id: '5f74b9f0782f3ffe8a654b2b60a9f33c') in 0.025010 seconds 
========================================================================
Received Import Request.
  Time since last request: 840.153247 seconds.
  path: Assets/Tiles/SPA_Background brown tint_6.asset
  artifactKey: Guid(20602fa00c893b34e8e9ceda1d183737) Importer(815301076,1909f56bfc062723c751e8b465ee728b)
Start importing Assets/Tiles/SPA_Background brown tint_6.asset using Guid(20602fa00c893b34e8e9ceda1d183737) Importer(815301076,1909f56bfc062723c751e8b465ee728b)  -> (artifact id: '0dc481b13ab6389e1c95091b0daf4fd0') in 0.056650 seconds 
========================================================================
Received Import Request.
  Time since last request: 0.000034 seconds.
  path: Assets/Tiles/SPA_Background brown tint_10.asset
  artifactKey: Guid(cfa7c401a271a1145b0916fd4461a87b) Importer(815301076,1909f56bfc062723c751e8b465ee728b)
Start importing Assets/Tiles/SPA_Background brown tint_10.asset using Guid(cfa7c401a271a1145b0916fd4461a87b) Importer(815301076,1909f56bfc062723c751e8b465ee728b)  -> (artifact id: '394c7b712749a6f6a9a8e1aa22c7a4fe') in 0.209928 seconds 
========================================================================
Received Import Request.
  Time since last request: 0.000033 seconds.
  path: Assets/Tiles/SPA_Background brown tint_11.asset
  artifactKey: Guid(dee458d0de4a2ad4387560228b47480e) Importer(815301076,1909f56bfc062723c751e8b465ee728b)
Start importing Assets/Tiles/SPA_Background brown tint_11.asset using Guid(dee458d0de4a2ad4387560228b47480e) Importer(815301076,1909f56bfc062723c751e8b465ee728b)  -> (artifact id: '494a2151ea7947d2b5b9359fd192d1bb') in 0.029997 seconds 
========================================================================
Received Import Request.
  Time since last request: 0.000042 seconds.
  path: Assets/Tiles/SPA_Background brown tint_14.asset
  artifactKey: Guid(10ae9346e39d9694ab21ff23b70cec1a) Importer(815301076,1909f56bfc062723c751e8b465ee728b)
Start importing Assets/Tiles/SPA_Background brown tint_14.asset using Guid(10ae9346e39d9694ab21ff23b70cec1a) Importer(815301076,1909f56bfc062723c751e8b465ee728b)  -> (artifact id: 'c4c2de433dc4b1db022c781b87e36070') in 0.011465 seconds 
========================================================================
Received Import Request.
  Time since last request: 0.000044 seconds.
  path: Assets/Tiles/SPA_Background brown tint_9.asset
  artifactKey: Guid(71157ff0201a63c418a156b507d94a04) Importer(815301076,1909f56bfc062723c751e8b465ee728b)
Start importing Assets/Tiles/SPA_Background brown tint_9.asset using Guid(71157ff0201a63c418a156b507d94a04) Importer(815301076,1909f56bfc062723c751e8b465ee728b)  -> (artifact id: '394e083ce11a12bee428ab498a561772') in 0.011047 seconds 
========================================================================
Received Import Request.
  Time since last request: 0.000029 seconds.
  path: Assets/Tiles/SPA_Background brown tint_8.asset
  artifactKey: Guid(a1f77ce1ea0b4de42a6c3a8e9a4d7767) Importer(815301076,1909f56bfc062723c751e8b465ee728b)
Start importing Assets/Tiles/SPA_Background brown tint_8.asset using Guid(a1f77ce1ea0b4de42a6c3a8e9a4d7767) Importer(815301076,1909f56bfc062723c751e8b465ee728b)  -> (artifact id: '70b061eb9f9d94651b8aadee23902565') in 0.011273 seconds 
========================================================================
Received Import Request.
  Time since last request: 0.000029 seconds.
  path: Assets/Tiles/SPA_Background brown tint_7.asset
  artifactKey: Guid(fb96b59846706e94297bfa054efb3942) Importer(815301076,1909f56bfc062723c751e8b465ee728b)
Start importing Assets/Tiles/SPA_Background brown tint_7.asset using Guid(fb96b59846706e94297bfa054efb3942) Importer(815301076,1909f56bfc062723c751e8b465ee728b)  -> (artifact id: '97081183ded3033689986aec630b7ad0') in 0.010566 seconds 
========================================================================
Received Import Request.
  Time since last request: 0.000029 seconds.
  path: Assets/Tiles/SPA_Background brown tint_12.asset
  artifactKey: Guid(f71aae9db1c5cc5419c13366d4ca7268) Importer(815301076,1909f56bfc062723c751e8b465ee728b)
Start importing Assets/Tiles/SPA_Background brown tint_12.asset using Guid(f71aae9db1c5cc5419c13366d4ca7268) Importer(815301076,1909f56bfc062723c751e8b465ee728b)  -> (artifact id: 'f8ed1e170a930afc97d420a3417ca2df') in 0.010582 seconds 
========================================================================
Received Import Request.
  Time since last request: 0.000031 seconds.
  path: Assets/Tiles/SPA_Background brown tint_15.asset
  artifactKey: Guid(5c7d90831d5d7dd4999bac4363a9ef4a) Importer(815301076,1909f56bfc062723c751e8b465ee728b)
Start importing Assets/Tiles/SPA_Background brown tint_15.asset using Guid(5c7d90831d5d7dd4999bac4363a9ef4a) Importer(815301076,1909f56bfc062723c751e8b465ee728b)  -> (artifact id: 'fb6a5bc4e9df60dbc6172ff9ea045cf6') in 0.010893 seconds 
========================================================================
Received Import Request.
  Time since last request: 0.000030 seconds.
  path: Assets/Tiles/SPA_Background brown tint_13.asset
  artifactKey: Guid(2caeae23e893b6347af56d5f0ba25ce2) Importer(815301076,1909f56bfc062723c751e8b465ee728b)
Start importing Assets/Tiles/SPA_Background brown tint_13.asset using Guid(2caeae23e893b6347af56d5f0ba25ce2) Importer(815301076,1909f56bfc062723c751e8b465ee728b)  -> (artifact id: 'bb0d495911f9ae3b6f4d79f62aa38e16') in 0.010389 seconds 
